<?xml version="1.0" encoding="UTF-8"?>
<!-- Generated by org.testng.reporters.JUnitXMLReporter -->
<testsuite ignored="0" hostname="USPL-220" failures="0" tests="8" name="Default test" time="17.941" errors="0" timestamp="2024-01-30T13:15:31 IST">
  <testcase classname="NewPackage.pageObject.SubmitOrderTest" name="Landingpage" time="0.815"/>
  <testcase classname="NewPackage.pageObject.SubmitOrderTest" name="LoginIntoWebsite" time="0.299"/>
  <testcase classname="NewPackage.pageObject.SubmitOrderTest" name="GettingProduct" time="13.461"/>
  <testcase classname="NewPackage.pageObject.SubmitOrderTest" name="ClickOnCart" time="2.154"/>
  <testcase classname="NewPackage.pageObject.SubmitOrderTest" name="VeryfyingProduct" time="0.092"/>
  <testcase classname="NewPackage.pageObject.SubmitOrderTest" name="CheckoutPage" time="0.708"/>
  <testcase classname="NewPackage.pageObject.SubmitOrderTest" name="SubmitOrder" time="0.05"/>
  <testcase classname="NewPackage.pageObject.SubmitOrderTest" name="OrderCompleted" time="0.11"/>
</testsuite> <!-- Default test -->
