<?xml version="1.0" encoding="UTF-8"?>
<!-- Generated by org.testng.reporters.JUnitXMLReporter -->
<testsuite ignored="0" hostname="USPL-220" failures="2" tests="6" name="E-Commerce" time="15.766" errors="0" timestamp="2024-01-31T16:58:40 IST">
  <testcase classname="NewPackage.pageObject.SubmitOrderTest" name="Landingpage" time="0.727"/>
  <testcase classname="NewPackage.pageObject.SubmitOrderTest" name="LoginIntoWebsite" time="0.224"/>
  <testcase classname="NewPackage.pageObject.SubmitOrderTest" name="GettingProduct" time="13.233"/>
  <testcase classname="NewPackage.pageObject.SubmitOrderTest" name="ClickOnCart" time="1.109"/>
  <testcase classname="NewPackage.pageObject.SubmitOrderTest" name="VeryfyingProduct" time="0.18">
    <failure type="java.lang.AssertionError" message="expected [false] but found [true]">
      <![CDATA[java.lang.AssertionError: expected [false] but found [true]
at NewPackage.pageObject.SubmitOrderTest.VeryfyingProduct(SubmitOrderTest.java:74)
at java.base/java.util.ArrayList.forEach(ArrayList.java:1511)
... Removed 31 stack frames]]>
    </failure>
  </testcase> <!-- VeryfyingProduct -->
  <testcase classname="NewPackage.pageObject.SubmitOrderTest" name="VeryfyingProduct" time="0.182">
    <failure type="java.lang.NullPointerException" message="Cannot invoke &amp;quot;org.openqa.selenium.TakesScreenshot.getScreenshotAs(org.openqa.selenium.OutputType)&amp;quot; because &amp;quot;this.driver&amp;quot; is null">
      <![CDATA[java.lang.NullPointerException: Cannot invoke "org.openqa.selenium.TakesScreenshot.getScreenshotAs(org.openqa.selenium.OutputType)" because "this.driver" is null
at reusableComponent.AbstractComponent.captureScreenshot(AbstractComponent.java:53)
at reusableComponent.iTestListenerClass.onTestFailure(iTestListenerClass.java:37)
at java.base/java.util.ArrayList.forEach(ArrayList.java:1511)
... Removed 24 stack frames]]>
    </failure>
  </testcase> <!-- VeryfyingProduct -->
</testsuite> <!-- E-Commerce -->
