<?xml version="1.0" encoding="UTF-8"?>
<testng-results ignored="0" total="8" passed="8" failed="0" skipped="0">
  <reporter-output>
  </reporter-output>
  <suite started-at="2024-01-30T13:15:13 IST" name="Default suite" finished-at="2024-01-30T13:15:31 IST" duration-ms="17941">
    <groups>
    </groups>
    <test started-at="2024-01-30T13:15:13 IST" name="Default test" finished-at="2024-01-30T13:15:31 IST" duration-ms="17941">
      <class name="NewPackage.pageObject.SubmitOrderTest">
        <test-method is-config="true" signature="openBrowser()[pri:0, instance:NewPackage.pageObject.SubmitOrderTest@60f7cc1d]" started-at="2024-01-30T13:15:13 IST" name="openBrowser" finished-at="2024-01-30T13:15:13 IST" duration-ms="119" status="PASS">
          <reporter-output>
          </reporter-output>
        </test-method> <!-- openBrowser -->
        <test-method signature="Landingpage()[pri:1, instance:NewPackage.pageObject.SubmitOrderTest@60f7cc1d]" started-at="2024-01-30T13:15:13 IST" name="Landingpage" finished-at="2024-01-30T13:15:14 IST" duration-ms="815" status="PASS">
          <reporter-output>
          </reporter-output>
        </test-method> <!-- Landingpage -->
        <test-method signature="LoginIntoWebsite()[pri:2, instance:NewPackage.pageObject.SubmitOrderTest@60f7cc1d]" started-at="2024-01-30T13:15:14 IST" name="LoginIntoWebsite" finished-at="2024-01-30T13:15:14 IST" duration-ms="299" status="PASS">
          <reporter-output>
          </reporter-output>
        </test-method> <!-- LoginIntoWebsite -->
        <test-method signature="GettingProduct()[pri:3, instance:NewPackage.pageObject.SubmitOrderTest@60f7cc1d]" started-at="2024-01-30T13:15:14 IST" name="GettingProduct" finished-at="2024-01-30T13:15:28 IST" depends-on-methods="NewPackage.pageObject.SubmitOrderTest.LoginIntoWebsite" duration-ms="13461" status="PASS">
          <reporter-output>
          </reporter-output>
        </test-method> <!-- GettingProduct -->
        <test-method signature="ClickOnCart()[pri:3, instance:NewPackage.pageObject.SubmitOrderTest@60f7cc1d]" started-at="2024-01-30T13:15:28 IST" name="ClickOnCart" finished-at="2024-01-30T13:15:30 IST" depends-on-methods="NewPackage.pageObject.SubmitOrderTest.GettingProduct" duration-ms="2154" status="PASS">
          <reporter-output>
          </reporter-output>
        </test-method> <!-- ClickOnCart -->
        <test-method signature="VeryfyingProduct()[pri:4, instance:NewPackage.pageObject.SubmitOrderTest@60f7cc1d]" started-at="2024-01-30T13:15:30 IST" name="VeryfyingProduct" finished-at="2024-01-30T13:15:30 IST" depends-on-methods="NewPackage.pageObject.SubmitOrderTest.ClickOnCart" duration-ms="92" status="PASS">
          <reporter-output>
          </reporter-output>
        </test-method> <!-- VeryfyingProduct -->
        <test-method signature="CheckoutPage()[pri:5, instance:NewPackage.pageObject.SubmitOrderTest@60f7cc1d]" started-at="2024-01-30T13:15:30 IST" name="CheckoutPage" finished-at="2024-01-30T13:15:31 IST" depends-on-methods="NewPackage.pageObject.SubmitOrderTest.VeryfyingProduct" duration-ms="708" status="PASS">
          <reporter-output>
          </reporter-output>
        </test-method> <!-- CheckoutPage -->
        <test-method signature="SubmitOrder()[pri:6, instance:NewPackage.pageObject.SubmitOrderTest@60f7cc1d]" started-at="2024-01-30T13:15:31 IST" name="SubmitOrder" finished-at="2024-01-30T13:15:31 IST" depends-on-methods="NewPackage.pageObject.SubmitOrderTest.CheckoutPage" duration-ms="50" status="PASS">
          <reporter-output>
          </reporter-output>
        </test-method> <!-- SubmitOrder -->
        <test-method signature="OrderCompleted()[pri:7, instance:NewPackage.pageObject.SubmitOrderTest@60f7cc1d]" started-at="2024-01-30T13:15:31 IST" name="OrderCompleted" finished-at="2024-01-30T13:15:31 IST" duration-ms="110" status="PASS">
          <reporter-output>
          </reporter-output>
        </test-method> <!-- OrderCompleted -->
        <test-method is-config="true" signature="CloseBrowser()[pri:0, instance:NewPackage.pageObject.SubmitOrderTest@60f7cc1d]" started-at="2024-01-30T13:15:31 IST" name="CloseBrowser" finished-at="2024-01-30T13:15:31 IST" duration-ms="87" status="PASS">
          <reporter-output>
          </reporter-output>
        </test-method> <!-- CloseBrowser -->
      </class> <!-- NewPackage.pageObject.SubmitOrderTest -->
    </test> <!-- Default test -->
  </suite> <!-- Default suite -->
</testng-results>
